SRModel
   version:     3.08.11
   written by:  Joe Marschall   (jochen.marschall@sri.com)
                Matthew MacLean (maclean@cubrc.org)


---Initial Conditions-----------------------------
      Wall Tmpr   =    2.0000E+03 K
      Pressure    =    2.0000E+04 Pa
      xO2         =    1.0824E+00 mol/m^3
      xO          =    1.2027E-01 mol/m^3
      xE(s1)      =    7.5000E-06 mol/m^2
      xO(s1)      =    1.0000E-15 mol/m^2

--------------------------------------------------
iteration         time       L1-norm       L2-norm
     100    1.0000E-06    2.1572E-08    3.0508E-08
     200    2.0000E-06    1.1444E-08    1.6184E-08
     300    3.0000E-06    6.7117E-09    9.4917E-09
     400    4.0000E-06    4.1724E-09    5.9007E-09
     500    5.0000E-06    2.6890E-09    3.8028E-09
     600    6.0000E-06    1.7735E-09    2.5081E-09
     700    7.0000E-06    1.1876E-09    1.6796E-09
     800    8.0000E-06    8.0347E-10    1.1363E-09
     900    9.0000E-06    5.4731E-10    7.7402E-10
    1000    1.0000E-05    3.7458E-10    5.2973E-10
    1100    1.1000E-05    2.5718E-10    3.6371E-10
    1200    1.2000E-05    1.7697E-10    2.5027E-10
    1300    1.3000E-05    1.2196E-10    1.7247E-10
    1400    1.4000E-05    8.4133E-11    1.1898E-10
    1500    1.5000E-05    5.8082E-11    8.2141E-11
    1600    1.6000E-05    4.0118E-11    5.6735E-11
    1700    1.7000E-05    2.7719E-11    3.9201E-11
    1800    1.8000E-05    1.9157E-11    2.7092E-11
    1900    1.9000E-05    1.3241E-11    1.8726E-11
    2000    2.0000E-05    9.1538E-12    1.2945E-11
    2100    2.1000E-05    6.3285E-12    8.9498E-12
    2200    2.2000E-05    4.3754E-12    6.1878E-12
    2300    2.3000E-05    3.0252E-12    4.2783E-12
    2400    2.4000E-05    2.0918E-12    2.9582E-12
    2500    2.5000E-05    1.4463E-12    2.0454E-12
    2600    2.6000E-05    1.0001E-12    1.4143E-12
    2700    2.7000E-05    6.9151E-13    9.7794E-13
    2800    2.8000E-05    4.7815E-13    6.7621E-13
    2900    2.9000E-05    3.3063E-13    4.6758E-13
    3000    3.0000E-05    2.2862E-13    3.2331E-13
    3100    3.1000E-05    1.5808E-13    2.2356E-13
    3200    3.2000E-05    1.0931E-13    1.5459E-13
    3300    3.3000E-05    7.5584E-14    1.0689E-13
    3400    3.4000E-05    5.2264E-14    7.3913E-14
    3500    3.5000E-05    3.6139E-14    5.1108E-14
    3600    3.6000E-05    2.4989E-14    3.5340E-14
    3700    3.7000E-05    1.7279E-14    2.4437E-14
    3800    3.8000E-05    1.1948E-14    1.6897E-14
    3900    3.9000E-05    8.2618E-15    1.1684E-14
    4000    4.0000E-05    5.7128E-15    8.0791E-15
    4100    4.1000E-05    3.9503E-15    5.5865E-15
    4200    4.2000E-05    2.7315E-15    3.8629E-15
    4300    4.3000E-05    1.8888E-15    2.6711E-15
    4400    4.4000E-05    1.3060E-15    1.8470E-15
    4500    4.5000E-05    9.0308E-16    1.2771E-15
    4600    4.6000E-05    6.2445E-16    8.8311E-16
    4700    4.7000E-05    4.3179E-16    6.1065E-16
    4800    4.8000E-05    2.9857E-16    4.2224E-16
    4900    4.9000E-05    2.0645E-16    2.9197E-16
    5000    5.0000E-05    1.4276E-16    2.0189E-16
    5100    5.1000E-05    9.8713E-17    1.3960E-16
    5200    5.2000E-05    6.8257E-17    9.6530E-17
    5300    5.3000E-05    4.7198E-17    6.6748E-17
    5400    5.4000E-05    3.2636E-17    4.6154E-17
    5500    5.5000E-05    2.2567E-17    3.1914E-17
    5600    5.6000E-05    1.5604E-17    2.2068E-17
    5700    5.7000E-05    1.0790E-17    1.5259E-17
    5800    5.8000E-05    7.4610E-18    1.0551E-17
    5900    5.9000E-05    5.1591E-18    7.2960E-18
    6000    6.0000E-05    3.5674E-18    5.0450E-18
    6100    6.1000E-05    2.4667E-18    3.4885E-18
    6200    6.2000E-05    1.7057E-18    2.4122E-18
    6300    6.3000E-05    1.1794E-18    1.6680E-18
    6400    6.4000E-05    8.1554E-19    1.1533E-18
    6500    6.5000E-05    5.6392E-19    7.9751E-19
    6600    6.6000E-05    3.8994E-19    5.5145E-19
    6700    6.7000E-05    2.6963E-19    3.8131E-19
    6800    6.8000E-05    1.8644E-19    2.6367E-19
    6900    6.9000E-05    1.2892E-19    1.8232E-19
    7000    7.0000E-05    8.9145E-20    1.2607E-19
    7100    7.1000E-05    6.1640E-20    8.7172E-20
    7200    7.2000E-05    4.2622E-20    6.0276E-20
    7300    7.3000E-05    2.9472E-20    4.1680E-20
    7400    7.4000E-05    2.0378E-20    2.8819E-20
    7500    7.5000E-05    1.4091E-20    1.9928E-20
    7600    7.6000E-05    9.7434E-21    1.3779E-20
    7700    7.7000E-05    6.7372E-21    9.5278E-21
    7800    7.8000E-05    4.6580E-21    6.5875E-21
    7900    7.9000E-05    3.2219E-21    4.5564E-21
    8000    8.0000E-05    2.2272E-21    3.1497E-21
    8100    8.1000E-05    1.5409E-21    2.1792E-21
    8200    8.2000E-05    1.0657E-21    1.5071E-21
    8300    8.3000E-05    7.3759E-22    1.0431E-21
    8400    8.4000E-05    5.0560E-22    7.1502E-22
    8500    8.5000E-05    3.5052E-22    4.9571E-22
    8600    8.6000E-05    2.4753E-22    3.5006E-22
    8700    8.7000E-05    1.7492E-22    2.4737E-22
    8800    8.8000E-05    1.2381E-22    1.7509E-22
    8900    8.9000E-05    8.7123E-23    1.2321E-22
    9000    9.0000E-05    6.4550E-23    9.1287E-23
    9100    9.1000E-05    4.6161E-23    6.5281E-23
    9200    9.2000E-05    2.7777E-23    3.9282E-23
    9300    9.3000E-05    2.6340E-23    3.7250E-23
    9400    9.4000E-05    2.6340E-23    3.7250E-23
    9500    9.5000E-05    2.6340E-23    3.7250E-23
    9600    9.6000E-05    2.6340E-23    3.7250E-23
    9700    9.7000E-05    2.6340E-23    3.7250E-23
    9800    9.8000E-05    2.6340E-23    3.7250E-23
    9900    9.9000E-05    2.6340E-23    3.7250E-23
   10000    1.0000E-04    2.6340E-23    3.7250E-23

---Final Conditions-------------------------------
      Wall Tmpr   =    2.0000E+03 K
      Pressure    =    2.0000E+04 Pa
      Rel Volume  =    1.0000E+00 
      xO2         =    1.0824E+00 mol/m^3
      xO          =    1.2027E-01 mol/m^3
      xE(s1)      =    2.6112E-07 mol/m^2
      xO(s1)      =    7.2389E-06 mol/m^2

---Loss Rates-------------------------------------
      gO2         =   -1.7235E-04 
      gO          =    2.1937E-03 

---Blowing & Recession Rate-----------------------
      blowing rate    =    0.0000E+00  kg/m^2-s
      recession rate  =    0.0000E+00  m/s

---QSS Surface Coverage Distribution--------------
      Residual =    1.2593E-16
      Concentrations
         xE(s1)      =    2.6112E-07 mol/m^2
         xO(s1)      =    7.2389E-06 mol/m^2

---Gibbs Free-energy Minimization-----------------
      Element List 
         O  s1
      Stoichiometry
         O2        :   2.   0.
         O         :   1.   0.
         E(s1)     :   0.   1.
         O(s1)     :   1.   1.
      Gibbs Data of Species:
       O2           -2.8766E+01   -3.0480E+01
       O            -7.0726E+00   -1.0985E+01
       E(s1)         0.0000E+00    0.0000E+00
       O(s1)        -1.7096E+01   -1.7096E+01
      Species Considered for System:
         O2  E(s1)  O(s1)
      Concentrations
         xO2         =    1.0824E+00 mol/m^3
         xO          =    1.2027E-01 mol/m^3
         xE(s1)      =    1.0138E-06 mol/m^2
         xO(s1)      =    6.4862E-06 mol/m^2

---Additional Diagnostics-----------------------------------------------------------
      <<Reaction Constants>>
      react      kf          kb         KeqC     KeqC-actual   wf-actual   wb-actual
         1    2.7114E+06  7.2305E+02  3.7499E+03  2.3050E+02  8.5151E-02  5.2341E-03
         2    3.1563E+04  3.1830E+02  9.9159E+01  3.2464E-01  2.7479E-02  8.9966E-05
         3    5.2940E+08  2.0020E+10  2.6443E-02  1.4084E-03  2.7741E-02  1.4775E-03
      <<Species Production>>
      species      concentration     molar prod.      mass prod.
      O2              1.0824E+00      5.3653E-02      1.7169E-03
      O               1.2027E-01     -1.0731E-01     -1.7169E-03
      E(s1)           2.6112E-07     -2.6437E-15     -0.0000E+00
      O(s1)           7.2389E-06      2.6437E-15      4.2299E-17
      <<Species Production Per Reaction>>
      species          w-dot             w1             w2             w3
      O2          5.3653E-02     0.0000E+00     2.7389E-02     2.6264E-02
      O          -1.0731E-01    -7.9916E-02    -2.7389E-02     0.0000E+00
      E(s1)      -2.6437E-15    -7.9916E-02     2.7389E-02     5.2527E-02
      O(s1)       2.6437E-15     7.9916E-02    -2.7389E-02    -5.2527E-02
