SRModel
   version:     3.08.11
   written by:  Joe Marschall   (jochen.marschall@sri.com)
                Matthew MacLean (maclean@cubrc.org)

WARNING CODE   3: E-R reaction not of form A+[B]<-->AB+[] for reaction #   3

---Initial Conditions-----------------------------
      Wall Tmpr   =    2.0000E+03 K
      Pressure    =    2.0000E+04 Pa
      xO2         =    1.0824E+00 mol/m^3
      xO          =    1.2027E-01 mol/m^3
      xE(s1)      =    4.2286E-06 mol/m^2
      xO(s1)      =    1.0000E-15 mol/m^2
      xO2(s1)     =    1.0000E-15 mol/m^2

--------------------------------------------------
iteration         time       L1-norm       L2-norm
     100    1.0000E-07    5.7757E-10    7.6745E-10
     200    2.0000E-07    3.3719E-10    4.6836E-10
     300    3.0000E-07    1.9952E-10    2.7715E-10
     400    4.0000E-07    1.1806E-10    1.6400E-10
     500    5.0000E-07    6.9863E-11    9.7041E-11
     600    6.0000E-07    4.1340E-11    5.7422E-11
     700    7.0000E-07    2.4462E-11    3.3979E-11
     800    8.0000E-07    1.4475E-11    2.0106E-11
     900    9.0000E-07    8.5653E-12    1.1897E-11
    1000    1.0000E-06    5.0683E-12    7.0401E-12
    1100    1.1000E-06    2.9991E-12    4.1658E-12
    1200    1.2000E-06    1.7746E-12    2.4651E-12
    1300    1.3000E-06    1.0501E-12    1.4586E-12
    1400    1.4000E-06    6.2139E-13    8.6313E-13
    1500    1.5000E-06    3.6769E-13    5.1074E-13
    1600    1.6000E-06    2.1757E-13    3.0222E-13
    1700    1.7000E-06    1.2875E-13    1.7883E-13
    1800    1.8000E-06    7.6183E-14    1.0582E-13
    1900    1.9000E-06    4.5080E-14    6.2617E-14
    2000    2.0000E-06    2.6675E-14    3.7053E-14
    2100    2.1000E-06    1.5784E-14    2.1925E-14
    2200    2.2000E-06    9.3401E-15    1.2974E-14
    2300    2.3000E-06    5.5268E-15    7.6770E-15
    2400    2.4000E-06    3.2704E-15    4.5427E-15
    2500    2.5000E-06    1.9352E-15    2.6881E-15
    2600    2.6000E-06    1.1451E-15    1.5906E-15
    2700    2.7000E-06    6.7760E-16    9.4121E-16
    2800    2.8000E-06    4.0096E-16    5.5694E-16
    2900    2.9000E-06    2.3726E-16    3.2956E-16
    3000    3.0000E-06    1.4039E-16    1.9501E-16
    3100    3.1000E-06    8.3075E-17    1.1539E-16
    3200    3.2000E-06    4.9158E-17    6.8282E-17
    3300    3.3000E-06    2.9088E-17    4.0405E-17
    3400    3.4000E-06    1.7212E-17    2.3909E-17
    3500    3.5000E-06    1.0185E-17    1.4147E-17
    3600    3.6000E-06    6.0268E-18    8.3715E-18
    3700    3.7000E-06    3.5663E-18    4.9537E-18
    3800    3.8000E-06    2.1103E-18    2.9312E-18
    3900    3.9000E-06    1.2487E-18    1.7345E-18
    4000    4.0000E-06    7.3890E-19    1.0264E-18
    4100    4.1000E-06    4.3723E-19    6.0733E-19
    4200    4.2000E-06    2.5872E-19    3.5938E-19
    4300    4.3000E-06    1.5309E-19    2.1265E-19
    4400    4.4000E-06    9.0592E-20    1.2583E-19
    4500    4.5000E-06    5.3606E-20    7.4462E-20
    4600    4.6000E-06    3.1722E-20    4.4064E-20
    4700    4.7000E-06    1.8771E-20    2.6072E-20
    4800    4.8000E-06    1.1108E-20    1.5429E-20
    4900    4.9000E-06    6.5736E-21    9.1287E-21
    5000    5.0000E-06    3.8893E-21    5.4021E-21
    5100    5.1000E-06    2.3016E-21    3.1945E-21
    5200    5.2000E-06    1.3625E-21    1.8916E-21
    5300    5.3000E-06    8.0772E-22    1.1147E-21
    5400    5.4000E-06    4.7931E-22    6.6875E-22
    5500    5.5000E-06    2.7992E-22    3.8672E-22
    5600    5.6000E-06    1.6893E-22    2.3225E-22
    5700    5.7000E-06    1.1728E-22    1.6082E-22
    5800    5.8000E-06    7.1757E-23    9.7819E-23
    5900    5.9000E-06    5.2540E-23    7.1253E-23
    6000    6.0000E-06    5.2540E-23    7.1253E-23
    6100    6.1000E-06    5.2540E-23    7.1253E-23
    6200    6.2000E-06    5.2540E-23    7.1253E-23
    6300    6.3000E-06    5.2540E-23    7.1253E-23
    6400    6.4000E-06    5.2540E-23    7.1253E-23
    6500    6.5000E-06    5.2540E-23    7.1253E-23
    6600    6.6000E-06    5.2540E-23    7.1253E-23
    6700    6.7000E-06    5.2540E-23    7.1253E-23
    6800    6.8000E-06    5.2540E-23    7.1253E-23
    6900    6.9000E-06    5.2540E-23    7.1253E-23
    7000    7.0000E-06    5.2540E-23    7.1253E-23
    7100    7.1000E-06    5.2540E-23    7.1253E-23
    7200    7.2000E-06    5.2540E-23    7.1253E-23
    7300    7.3000E-06    5.2540E-23    7.1253E-23
    7400    7.4000E-06    5.2540E-23    7.1253E-23
    7500    7.5000E-06    5.2540E-23    7.1253E-23
    7600    7.6000E-06    5.2540E-23    7.1253E-23
    7700    7.7000E-06    5.2540E-23    7.1253E-23
    7800    7.8000E-06    5.2540E-23    7.1253E-23
    7900    7.9000E-06    5.2540E-23    7.1253E-23
    8000    8.0000E-06    5.2540E-23    7.1253E-23
    8100    8.1000E-06    5.2540E-23    7.1253E-23
    8200    8.2000E-06    5.2540E-23    7.1253E-23
    8300    8.3000E-06    5.2540E-23    7.1253E-23
    8400    8.4000E-06    5.2540E-23    7.1253E-23
    8500    8.5000E-06    5.2540E-23    7.1253E-23
    8600    8.6000E-06    5.2540E-23    7.1253E-23
    8700    8.7000E-06    5.2540E-23    7.1253E-23
    8800    8.8000E-06    5.2540E-23    7.1253E-23
    8900    8.9000E-06    5.2540E-23    7.1253E-23
    9000    9.0000E-06    5.2540E-23    7.1253E-23
    9100    9.1000E-06    5.2540E-23    7.1253E-23
    9200    9.2000E-06    5.2540E-23    7.1253E-23
    9300    9.3000E-06    5.2540E-23    7.1253E-23
    9400    9.4000E-06    5.2540E-23    7.1253E-23
    9500    9.5000E-06    5.2540E-23    7.1253E-23
    9600    9.6000E-06    5.2540E-23    7.1253E-23
    9700    9.7000E-06    5.2540E-23    7.1253E-23
    9800    9.8000E-06    5.2540E-23    7.1253E-23
    9900    9.9000E-06    5.2540E-23    7.1253E-23
   10000    1.0000E-05    5.2540E-23    7.1253E-23

---Final Conditions-------------------------------
      Wall Tmpr   =    2.0000E+03 K
      Pressure    =    2.0000E+04 Pa
      Rel Volume  =    1.0000E+00 
      xO2         =    1.0824E+00 mol/m^3
      xO          =    1.2027E-01 mol/m^3
      xE(s1)      =    1.2969E-07 mol/m^2
      xO(s1)      =    7.3403E-07 mol/m^2
      xO2(s1)     =    3.3649E-06 mol/m^2

---Loss Rates-------------------------------------
      gO2         =   -8.5215E-03 
      gO          =    1.0846E-01 

---Blowing & Recession Rate-----------------------
      blowing rate    =    0.0000E+00  kg/m^2-s
      recession rate  =    0.0000E+00  m/s

---QSS Surface Coverage Distribution--------------
      Residual =    6.1137E-21
      Concentrations
         xE(s1)      =    1.2969E-07 mol/m^2
         xO(s1)      =    7.3403E-07 mol/m^2
         xO2(s1)     =    3.3649E-06 mol/m^2

---Gibbs Free-energy Minimization-----------------
      Element List 
         O  s1
      Stoichiometry
         O2        :   2.   0.
         O         :   1.   0.
         E(s1)     :   0.   1.
         O(s1)     :   1.   1.
         O2(s1)    :   2.   1.
      Gibbs Data of Species:
       O2           -2.8766E+01   -3.0480E+01
       O            -7.0726E+00   -1.0985E+01
       E(s1)         0.0000E+00    0.0000E+00
       O(s1)        -1.9307E+01   -1.9307E+01
       O2(s1)       -3.3601E+01   -3.3601E+01
      Species Considered for System:
         O2  E(s1)  O(s1)  O2(s1)
      Concentrations
         xO2         =    1.0824E+00 mol/m^3
         xO          =    1.2027E-01 mol/m^3
         xE(s1)      =    5.1540E-08 mol/m^2
         xO(s1)      =    3.0086E-06 mol/m^2
         xO2(s1)     =    1.1684E-06 mol/m^2

---Additional Diagnostics-----------------------------------------------------------
      <<Reaction Constants>>
      react      kf          kb         KeqC     KeqC-actual   wf-actual   wb-actual
         1    9.6180E+07  2.8111E+03  3.4215E+04  4.7058E+01  1.5002E+00  2.0634E-03
         2    1.5892E+06  1.4623E+05  1.0868E+01  1.5902E+00  1.4030E-01  2.0528E-02
         3    3.4462E+07  1.5140E+05  2.2763E+02  3.8115E+01  3.0424E+00  5.0943E-01
         4    2.8563E+06  1.7485E+03  1.6336E+03  1.9633E+00  1.1559E+00  1.3893E-03
         5    6.8010E+07  3.2470E+06  2.0945E+01  2.3969E+01  9.5475E+00  1.0926E+01
      <<Species Production>>
      species      concentration     molar prod.      mass prod.
      O2              1.0824E+00      2.6527E+00      8.4887E-02
      O               1.2027E-01     -5.3055E+00     -8.4887E-02
      E(s1)           1.2969E-07     -6.6613E-15     -0.0000E+00
      O(s1)           7.3403E-07      5.2847E-14      8.4555E-16
      O2(s1)          3.3649E-06     -4.6185E-14     -1.4779E-15
      <<Species Production Per Reaction>>
      species          w-dot             w1             w2             w3             w4             w5
      O2          2.6527E+00     0.0000E+00     1.1977E-01     0.0000E+00     1.1545E+00     1.3784E+00
      O          -5.3055E+00    -1.4982E+00    -1.1977E-01    -2.5330E+00    -1.1545E+00    -0.0000E+00
      E(s1)      -6.6613E-15    -1.4982E+00     1.1977E-01     0.0000E+00     0.0000E+00     1.3784E+00
      O(s1)       5.2847E-14     1.4982E+00    -1.1977E-01    -2.5330E+00     1.1545E+00    -0.0000E+00
      O2(s1)     -4.6185E-14     0.0000E+00     0.0000E+00     2.5330E+00    -1.1545E+00    -1.3784E+00
