SRModel
   version:     3.00
   written by:  Joe Marschall   (jochen.marschall@sri.com)
                Matthew MacLean (maclean@cubrc.org)
WARNING CODE   1

---Initial Conditions-----------------------------
      Gas Tmpr     =    2.0000E+03 K
      Wall Tmpr    =    2.0000E+03 K
      Pressure     =    2.0000E+04 Pa
      xCO2        =    5.2799E-01 mol/m^3
      xCO         =    4.2215E-01 mol/m^3
      xO2         =    1.6838E-01 mol/m^3
      xO          =    8.4190E-02 mol/m^3
      xE(s1)      =    1.8500E-05 mol/m^3
      xCO(s1)     =    1.0000E-15 mol/m^3
      xO(s1)      =    1.0000E-15 mol/m^3

--------------------------------------------------
iteration         time       L1-norm       L2-norm
     500    1.0000E-02    2.2896E-04    3.4342E-04
    1000    2.0000E-02    1.3350E-04    2.0024E-04
    1500    3.0000E-02    8.0838E-05    1.2124E-04
    2000    4.0000E-02    5.0888E-05    7.6320E-05
    2500    5.0000E-02    3.3258E-05    4.9877E-05
    3000    6.0000E-02    2.2505E-05    3.3750E-05
    3500    7.0000E-02    1.5717E-05    2.3568E-05
    4000    8.0000E-02    1.1289E-05    1.6928E-05
    4500    9.0000E-02    8.3148E-06    1.2467E-05
    5000    1.0000E-01    6.2615E-06    9.3881E-06
    5500    1.1000E-01    4.8088E-06    7.2097E-06
    6000    1.2000E-01    3.7582E-06    5.6343E-06
    6500    1.3000E-01    2.9832E-06    4.4721E-06
    7000    1.4000E-01    2.4011E-06    3.5992E-06
    7500    1.5000E-01    1.9567E-06    2.9329E-06
    8000    1.6000E-01    1.6124E-06    2.4167E-06
    8500    1.7000E-01    1.3422E-06    2.0115E-06
    9000    1.8000E-01    1.1274E-06    1.6895E-06
    9500    1.9000E-01    9.5478E-07    1.4307E-06
   10000    2.0000E-01    8.1464E-07    1.2207E-06
   10500    2.1000E-01    6.9980E-07    1.0485E-06
   11000    2.2000E-01    6.0485E-07    9.0616E-07
   11500    2.3000E-01    5.2571E-07    7.8753E-07
   12000    2.4000E-01    4.5925E-07    6.8792E-07
   12500    2.5000E-01    4.0305E-07    6.0368E-07
   13000    2.6000E-01    3.5521E-07    5.3197E-07
   13500    2.7000E-01    3.1422E-07    4.7055E-07
   14000    2.8000E-01    2.7891E-07    4.1762E-07
   14500    2.9000E-01    2.4831E-07    3.7176E-07
   15000    3.0000E-01    2.2165E-07    3.3180E-07
   15500    3.1000E-01    1.9830E-07    2.9682E-07
   16000    3.2000E-01    1.7776E-07    2.6603E-07
   16500    3.3000E-01    1.5959E-07    2.3881E-07
   17000    3.4000E-01    1.4345E-07    2.1463E-07
   17500    3.5000E-01    1.2904E-07    1.9304E-07
   18000    3.6000E-01    1.1613E-07    1.7369E-07
   18500    3.7000E-01    1.0450E-07    1.5626E-07
   19000    3.8000E-01    9.3977E-08    1.4050E-07
   19500    3.9000E-01    8.4418E-08    1.2618E-07
   20000    4.0000E-01    7.5693E-08    1.1311E-07
   20500    4.1000E-01    6.7697E-08    1.0113E-07
   21000    4.2000E-01    6.0336E-08    9.0104E-08
   21500    4.3000E-01    5.3532E-08    7.9913E-08
   22000    4.4000E-01    4.7217E-08    7.0457E-08
   22500    4.5000E-01    4.1336E-08    6.1651E-08
   23000    4.6000E-01    3.5841E-08    5.3426E-08
   23500    4.7000E-01    3.0695E-08    4.5725E-08
   24000    4.8000E-01    2.5871E-08    3.8511E-08
   24500    4.9000E-01    2.1355E-08    3.1762E-08
   25000    5.0000E-01    1.7146E-08    2.5477E-08
   25500    5.1000E-01    1.3261E-08    1.9685E-08
   26000    5.2000E-01    9.7432E-09    1.4451E-08
   26500    5.3000E-01    6.6644E-09    9.8824E-09
   27000    5.4000E-01    4.1251E-09    6.1263E-09
   27500    5.5000E-01    2.2283E-09    3.3266E-09
   28000    5.6000E-01    1.0127E-09    1.5285E-09
   28500    5.7000E-01    3.7962E-10    5.8234E-10
   29000    5.8000E-01    1.1886E-10    1.8553E-10
   29500    5.9000E-01    3.2318E-11    5.1184E-11
   30000    6.0000E-01    7.9774E-12    1.2764E-11
   30500    6.1000E-01    1.8510E-12    2.9817E-12
   31000    6.2000E-01    4.1306E-13    6.6832E-13
   31500    6.3000E-01    8.9913E-14    1.4590E-13
   32000    6.4000E-01    1.9256E-14    3.1305E-14
   32500    6.5000E-01    4.0790E-15    6.6402E-15
   33000    6.6000E-01    8.5764E-16    1.3974E-15
   33500    6.7000E-01    1.7940E-16    2.9249E-16
   34000    6.8000E-01    3.7390E-17    6.0989E-17
   34500    6.9000E-01    7.7729E-18    1.2683E-17
   35000    7.0000E-01    1.6130E-18    2.6325E-18
   35500    7.1000E-01    3.3428E-19    5.4565E-19
   36000    7.2000E-01    6.9215E-20    1.1299E-19
   36500    7.3000E-01    1.4322E-20    2.3381E-20
   37000    7.4000E-01    2.9621E-21    4.8394E-21
   37500    7.5000E-01    1.9327E-21    3.6902E-21
   38000    7.6000E-01    2.0074E-21    3.7423E-21
   38500    7.7000E-01    2.0071E-21    3.7421E-21
   39000    7.8000E-01    2.0071E-21    3.7421E-21
   39500    7.9000E-01    2.0071E-21    3.7421E-21
   40000    8.0000E-01    2.0071E-21    3.7421E-21

---Final Conditions-------------------------------
      Gas Tmpr     =    2.0000E+03 K
      Wall Tmpr    =    2.0000E+03 K
      Pressure     =    2.0000E+04 Pa
      xCO2        =    9.4894E-01 mol/m^3
      xCO         =    1.2027E-03 mol/m^3
      xO2         =    1.0000E-20 mol/m^3
      xO          =    4.7164E-19 mol/m^3
      xE(s1)      =    1.8500E-05 mol/m^2
      xCO(s1)     =    8.7572E-12 mol/m^2
      xO(s1)      =    1.0000E-20 mol/m^2

---Gibbs Free-energy Minimization-----------------
      Element List 
         C  O  s1
      Stoichiometry
         CO2       :   1.   2.   0.
         CO        :   1.   1.   0.
         O2        :   0.   2.   0.
         O         :   0.   1.   0.
         E(s1)     :   0.   0.   1.
         CO(s1)    :   1.   1.   1.
         O(s1)     :   0.   1.   1.
      Concentrations
         xCO2        =    9.2354E-01 mol/m^3
         xCO         =    2.6604E-02 mol/m^3
         xO2         =    1.2609E-02 mol/m^3
         xO          =    1.8415E-04 mol/m^3
         xE(s1)      =    1.8500E-05 mol/m^2
         xCO(s1)     =    9.8790E-23 mol/m^2
         xO(s1)      =    4.8036E-13 mol/m^2

---Additional Diagnostics-----------------------------------------------------------
      react      kf          kb         KeqC     KeqC-actual   wf-actual   wb-actual
         1    4.6080E+11  8.6171E+24  5.3475E-14  2.9218E-11  1.5771E-18  0.0000E+00
         2    1.0822E+07  5.3911E+22  2.0073E-16  3.9358E-04  2.4079E-01  0.0000E+00
         3    1.4260E+09  1.0113E+13  1.4101E-04  1.1461E+03  1.2443E-14  0.0000E+00
         4    2.7496E+10  5.5193E-06  4.9817E+15  2.5408E+03  2.4079E-01  0.0000E+00
         5    1.5139E+06  2.1348E+02  7.0916E+03  8.7253E-04  1.5139E-14  0.0000E+00
         6    1.5173E+07  1.6156E-14  9.3918E+20  4.2505E+24  6.2670E-23  0.0000E+00
         7    9.1948E+06  6.8775E-03  1.3369E+09  1.4596E+18  1.1059E-16  0.0000E+00
         8    1.2153E+07  4.6088E-03  2.6369E+09  3.9225E+13  5.7319E-32  0.0000E+00
         9    1.8276E+13  2.7440E-12  6.6603E+24  3.7087E+21  1.6004E-18  0.0000E+00
        10    1.8947E+11  1.0132E-02  1.8700E+13  3.4225E+10  1.8947E-29  0.0000E+00
