SRModel
   version:     3.00
   written by:  Joe Marschall   (jochen.marschall@sri.com)
                Matthew MacLean (maclean@cubrc.org)

---Initial Conditions-----------------------------
      Gas Tmpr     =    2.0000E+03 K
      Wall Tmpr    =    2.0000E+03 K
      Pressure     =    2.0000E+04 Pa
      xCO2        =    5.2799E-01 mol/m^3
      xCO         =    4.2215E-01 mol/m^3
      xO2         =    1.6838E-01 mol/m^3
      xO          =    8.4190E-02 mol/m^3
      xE(s1)      =    1.8500E-05 mol/m^3
      xCO(s1)     =    1.0000E-15 mol/m^3
      xO(s1)      =    1.0000E-15 mol/m^3

--------------------------------------------------
iteration         time       L1-norm       L2-norm
     500    1.0000E-02    2.2407E-04    3.3609E-04
    1000    2.0000E-02    1.2979E-04    1.9467E-04
    1500    3.0000E-02    7.7656E-05    1.1647E-04
    2000    4.0000E-02    4.7953E-05    7.1921E-05
    2500    5.0000E-02    3.0462E-05    4.5686E-05
    3000    6.0000E-02    1.9819E-05    2.9724E-05
    3500    7.0000E-02    1.3146E-05    1.9715E-05
    4000    8.0000E-02    8.8521E-06    1.3275E-05
    4500    9.0000E-02    6.0291E-06    9.0415E-06
    5000    1.0000E-01    4.1413E-06    6.2105E-06
    5500    1.1000E-01    2.8624E-06    4.2925E-06
    6000    1.2000E-01    1.9873E-06    2.9802E-06
    6500    1.3000E-01    1.3842E-06    2.0758E-06
    7000    1.4000E-01    9.6639E-07    1.4492E-06
    7500    1.5000E-01    6.7578E-07    1.0134E-06
    8000    1.6000E-01    4.7310E-07    7.0946E-07
    8500    1.7000E-01    3.3148E-07    4.9709E-07
    9000    1.8000E-01    2.3239E-07    3.4849E-07
    9500    1.9000E-01    1.6299E-07    2.4441E-07
   10000    2.0000E-01    1.1434E-07    1.7146E-07
   10500    2.1000E-01    8.0232E-08    1.2031E-07
   11000    2.2000E-01    5.6305E-08    8.4435E-08
   11500    2.3000E-01    3.9518E-08    5.9261E-08
   12000    2.4000E-01    2.7738E-08    4.1595E-08
   12500    2.5000E-01    1.9470E-08    2.9197E-08
   13000    2.6000E-01    1.3667E-08    2.0495E-08
   13500    2.7000E-01    9.5941E-09    1.4387E-08
   14000    2.8000E-01    6.7349E-09    1.0100E-08
   14500    2.9000E-01    4.7279E-09    7.0899E-09
   15000    3.0000E-01    3.3190E-09    4.9771E-09
   15500    3.1000E-01    2.3300E-09    3.4940E-09
   16000    3.2000E-01    1.6357E-09    2.4528E-09
   16500    3.3000E-01    1.1482E-09    1.7219E-09
   17000    3.4000E-01    8.0608E-10    1.2088E-09
   17500    3.5000E-01    5.6588E-10    8.4858E-10
   18000    3.6000E-01    3.9726E-10    5.9572E-10
   18500    3.7000E-01    2.7888E-10    4.1820E-10
   19000    3.8000E-01    1.9578E-10    2.9358E-10
   19500    3.9000E-01    1.3744E-10    2.0610E-10
   20000    4.0000E-01    9.6485E-11    1.4469E-10
   20500    4.1000E-01    6.7734E-11    1.0157E-10
   21000    4.2000E-01    4.7550E-11    7.1305E-11
   21500    4.3000E-01    3.3381E-11    5.0057E-11
   22000    4.4000E-01    2.3434E-11    3.5141E-11
   22500    4.5000E-01    1.6451E-11    2.4670E-11
   23000    4.6000E-01    1.1549E-11    1.7318E-11
   23500    4.7000E-01    8.1075E-12    1.2158E-11
   24000    4.8000E-01    5.6916E-12    8.5350E-12
   24500    4.9000E-01    3.9956E-12    5.9917E-12
   25000    5.0000E-01    2.8050E-12    4.2063E-12
   25500    5.1000E-01    1.9691E-12    2.9529E-12
   26000    5.2000E-01    1.3824E-12    2.0730E-12
   26500    5.3000E-01    9.7044E-13    1.4552E-12
   27000    5.4000E-01    6.8126E-13    1.0216E-12
   27500    5.5000E-01    4.7826E-13    7.1719E-13
   28000    5.6000E-01    3.3574E-13    5.0348E-13
   28500    5.7000E-01    2.3570E-13    3.5345E-13
   29000    5.8000E-01    1.6546E-13    2.4813E-13
   29500    5.9000E-01    1.1616E-13    1.7419E-13
   30000    6.0000E-01    8.1545E-14    1.2228E-13
   30500    6.1000E-01    5.7246E-14    8.5845E-14
   31000    6.2000E-01    4.0188E-14    6.0264E-14
   31500    6.3000E-01    2.8212E-14    4.2307E-14
   32000    6.4000E-01    1.9805E-14    2.9700E-14
   32500    6.5000E-01    1.3904E-14    2.0850E-14
   33000    6.6000E-01    9.7607E-15    1.4637E-14
   33500    6.7000E-01    6.8521E-15    1.0275E-14
   34000    6.8000E-01    4.8103E-15    7.2135E-15
   34500    6.9000E-01    3.3769E-15    5.0640E-15
   35000    7.0000E-01    2.3707E-15    3.5550E-15
   35500    7.1000E-01    1.6642E-15    2.4957E-15
   36000    7.2000E-01    1.1683E-15    1.7520E-15
   36500    7.3000E-01    8.2017E-16    1.2299E-15
   37000    7.4000E-01    5.7579E-16    8.6345E-16
   37500    7.5000E-01    4.0420E-16    6.0612E-16
   38000    7.6000E-01    2.8372E-16    4.2545E-16
   38500    7.7000E-01    1.9922E-16    2.9874E-16
   39000    7.8000E-01    1.3988E-16    2.0976E-16
   39500    7.9000E-01    9.8231E-17    1.4730E-16
   40000    8.0000E-01    6.8808E-17    1.0318E-16

---Final Conditions-------------------------------
      Gas Tmpr     =    2.0000E+03 K
      Wall Tmpr    =    2.0000E+03 K
      Pressure     =    2.0000E+04 Pa
      xCO2        =    9.2354E-01 mol/m^3
      xCO         =    2.6604E-02 mol/m^3
      xO2         =    1.2607E-02 mol/m^3
      xO          =    1.8413E-04 mol/m^3
      xE(s1)      =    1.5765E-05 mol/m^2
      xCO(s1)     =    1.6508E-10 mol/m^2
      xO(s1)      =    2.7344E-06 mol/m^2

---Gibbs Free-energy Minimization-----------------
      Element List 
         C  O  s1
      Stoichiometry
         CO2       :   1.   2.   0.
         CO        :   1.   1.   0.
         O2        :   0.   2.   0.
         O         :   0.   1.   0.
         E(s1)     :   0.   0.   1.
         CO(s1)    :   1.   1.   1.
         O(s1)     :   0.   1.   1.
      Concentrations
         xCO2        =    9.2354E-01 mol/m^3
         xCO         =    2.6605E-02 mol/m^3
         xO2         =    1.2608E-02 mol/m^3
         xO          =    1.8414E-04 mol/m^3
         xE(s1)      =    1.5765E-05 mol/m^2
         xCO(s1)     =    1.6507E-10 mol/m^2
         xO(s1)      =    2.7344E-06 mol/m^2

---Additional Diagnostics-----------------------------------------------------------
      react      kf          kb         KeqC     KeqC-actual   wf-actual   wb-actual
         1    1.0822E+07  2.7496E+10  3.9358E-04  3.9358E-04  4.5389E+00  4.5389E+00
         2    1.4260E+09  1.5139E+06  9.4195E+02  9.4195E+02  4.1397E+00  4.1397E+00
         3    1.5173E+07  3.1677E-02  4.7900E+08  4.7900E+08  4.6122E-07  4.6122E-07
         4    9.1948E+06  4.5941E+04  2.0014E+02  2.0014E+02  6.6891E-01  6.6891E-01
         5    1.2153E+07  3.0787E+04  3.9476E+02  3.9476E+02  6.1192E-03  6.1192E-03
         6    1.8276E+13  3.5939E+07  5.0852E+05  5.0852E+05  8.2496E-03  8.2496E-03
         7    1.8947E+11  4.5211E+11  4.1908E-01  4.1908E-01  1.4167E+00  1.4167E+00
