SRModel
   version:     3.08.11
   written by:  Joe Marschall   (jochen.marschall@sri.com)
                Matthew MacLean (maclean@cubrc.org)


---Initial Conditions-----------------------------
      Wall Tmpr   =    2.0000E+03 K
      Pressure    =    2.0000E+04 Pa
      xO2         =    1.0824E+00 mol/m^3
      xO          =    1.2027E-01 mol/m^3
      xE(s1)      =    7.5000E-06 mol/m^2
      xO(s1)      =    1.0000E-15 mol/m^2

--------------------------------------------------
iteration         time       L1-norm       L2-norm
   25000    2.5000E-01    9.4401E-07    1.0554E-06
   50000    5.0000E-01    8.2008E-07    9.1688E-07
   75000    7.5000E-01    6.9762E-07    7.7996E-07
  100000    1.0000E+00    5.7220E-07    6.3974E-07
  125000    1.2500E+00    4.4134E-07    4.9343E-07
  150000    1.5000E+00    3.1076E-07    3.4744E-07
  175000    1.7500E+00    1.9647E-07    2.1966E-07
  200000    2.0000E+00    1.1265E-07    1.2595E-07
  225000    2.2500E+00    6.0217E-08    6.7325E-08
  250000    2.5000E+00    3.0850E-08    3.4492E-08
  275000    2.7500E+00    1.5441E-08    1.7264E-08
  300000    3.0000E+00    7.6360E-09    8.5374E-09
  325000    3.2500E+00    3.7534E-09    4.1964E-09
  350000    3.5000E+00    1.8394E-09    2.0565E-09
  375000    3.7500E+00    9.0007E-10    1.0063E-09
  400000    4.0000E+00    4.4012E-10    4.9207E-10
  425000    4.2500E+00    2.1513E-10    2.4053E-10
  450000    4.5000E+00    1.0514E-10    1.1755E-10
  475000    4.7500E+00    5.1380E-11    5.7444E-11
  500000    5.0000E+00    2.5107E-11    2.8071E-11
  525000    5.2500E+00    1.2269E-11    1.3717E-11
  550000    5.5000E+00    5.9950E-12    6.7027E-12
  575000    5.7500E+00    2.9294E-12    3.2752E-12
  600000    6.0000E+00    1.4314E-12    1.6004E-12
  625000    6.2500E+00    6.9946E-13    7.8202E-13
  650000    6.5000E+00    3.4178E-13    3.8213E-13
  675000    6.7500E+00    1.6701E-13    1.8672E-13
  700000    7.0000E+00    8.1608E-14    9.1241E-14
  725000    7.2500E+00    3.9877E-14    4.4584E-14
  750000    7.5000E+00    1.9486E-14    2.1786E-14

---Final Conditions-------------------------------
      Wall Tmpr   =    2.0000E+03 K
      Pressure    =    2.0000E+04 Pa
      Rel Volume  =    9.5071E-01 
      xO2         =    1.2009E+00 mol/m^3
      xO          =    1.7971E-03 mol/m^3
      xE(s1)      =    9.6910E-07 mol/m^2
      xO(s1)      =    6.5309E-06 mol/m^2

---Loss Rates-------------------------------------
      gO2         =   -2.8210E-12 
      gO          =    2.6659E-09 

---Blowing & Recession Rate-----------------------
      blowing rate    =    0.0000E+00  kg/m^2-s
      recession rate  =    0.0000E+00  m/s

---QSS Surface Coverage Distribution--------------
      Residual =    5.4923E-23
      Concentrations
         xE(s1)      =    9.6910E-07 mol/m^2
         xO(s1)      =    6.5309E-06 mol/m^2

---Gibbs Free-energy Minimization-----------------
      Element List 
         O  s1
      Stoichiometry
         O2        :   2.   0.
         O         :   1.   0.
         E(s1)     :   0.   1.
         O(s1)     :   1.   1.
      Concentrations
         xO2         =    1.2010E+00 mol/m^3
         xO          =    1.7972E-03 mol/m^3
         xE(s1)      =    9.6910E-07 mol/m^2
         xO(s1)      =    6.5309E-06 mol/m^2

---Additional Diagnostics-----------------------------------------------------------
      <<Reaction Constants>>
      react      kf          kb         KeqC     KeqC-actual   wf-actual   wb-actual
         1    2.7114E+06  7.2305E+02  3.7499E+03  3.7499E+03  4.7222E-03  4.7222E-03
         2    3.1563E+04  3.1830E+02  9.9159E+01  9.9159E+01  3.7045E-04  3.7045E-04
         3    5.2940E+08  2.0020E+10  2.6443E-02  2.6443E-02  2.2580E-02  2.2580E-02
      <<Species Production>>
      species      concentration     molar prod.      mass prod.
      O2              1.2009E+00      9.7428E-10      3.1177E-11
      O               1.7971E-03     -1.9485E-09     -3.1176E-11
      E(s1)           9.6910E-07      4.5187E-14      0.0000E+00
      O(s1)           6.5309E-06     -4.5187E-14     -7.2300E-16
      <<Species Production Per Reaction>>
      species          w-dot             w1             w2             w3
      O2          9.7428E-10     0.0000E+00     1.5421E-10     8.2007E-10
      O          -1.9485E-09    -1.7943E-09    -1.5421E-10     0.0000E+00
      E(s1)       4.5187E-14    -1.7943E-09     1.5421E-10     1.6401E-09
      O(s1)      -4.5187E-14     1.7943E-09    -1.5421E-10    -1.6401E-09
