SRModel
   version:     3.08.11
   written by:  Joe Marschall   (jochen.marschall@sri.com)
                Matthew MacLean (maclean@cubrc.org)

WARNING CODE   3: E-R reaction not of form A+[B]<-->AB+[] for reaction #   3

---Initial Conditions-----------------------------
      Wall Tmpr   =    2.0000E+03 K
      Pressure    =    2.0000E+04 Pa
      xO2         =    1.0824E+00 mol/m^3
      xO          =    1.2027E-01 mol/m^3
      xE(s1)      =    4.2286E-06 mol/m^2
      xO(s1)      =    1.0000E-15 mol/m^2
      xO2(s1)     =    1.0000E-15 mol/m^2

--------------------------------------------------
iteration         time       L1-norm       L2-norm
   25000    2.5000E-02    1.7329E-06    1.9375E-06
   50000    5.0000E-02    5.4141E-07    6.0532E-07
   75000    7.5000E-02    1.7550E-07    1.9622E-07
  100000    1.0000E-01    6.2758E-08    7.0169E-08
  125000    1.2500E-01    2.4821E-08    2.7753E-08
  150000    1.5000E-01    1.0497E-08    1.1737E-08
  175000    1.7500E-01    4.6026E-09    5.1462E-09
  200000    2.0000E-01    2.0539E-09    2.2966E-09
  225000    2.2500E-01    9.2420E-10    1.0334E-09
  250000    2.5000E-01    4.1745E-10    4.6676E-10
  275000    2.7500E-01    1.8888E-10    2.1119E-10
  300000    3.0000E-01    8.5531E-11    9.5634E-11
  325000    3.2500E-01    3.8745E-11    4.3321E-11
  350000    3.5000E-01    1.7554E-11    1.9627E-11
  375000    3.7500E-01    7.9535E-12    8.8931E-12
  400000    4.0000E-01    3.6038E-12    4.0296E-12
  425000    4.2500E-01    1.6330E-12    1.8259E-12
  450000    4.5000E-01    7.3993E-13    8.2734E-13
  475000    4.7500E-01    3.3528E-13    3.7489E-13
  500000    5.0000E-01    1.5192E-13    1.6987E-13
  525000    5.2500E-01    6.8840E-14    7.6972E-14
  550000    5.5000E-01    3.1193E-14    3.4878E-14
  575000    5.7500E-01    1.4134E-14    1.5804E-14
  600000    6.0000E-01    6.4046E-15    7.1612E-15
  625000    6.2500E-01    2.9021E-15    3.2449E-15
  650000    6.5000E-01    1.3150E-15    1.4703E-15
  675000    6.7500E-01    5.9586E-16    6.6625E-16
  700000    7.0000E-01    2.6998E-16    3.0187E-16
  725000    7.2500E-01    1.2237E-16    1.3683E-16
  750000    7.5000E-01    5.5483E-17    6.2037E-17

---Final Conditions-------------------------------
      Wall Tmpr   =    2.0000E+03 K
      Pressure    =    2.0000E+04 Pa
      Rel Volume  =    9.5071E-01 
      xO2         =    1.2009E+00 mol/m^3
      xO          =    1.7971E-03 mol/m^3
      xE(s1)      =    4.8248E-08 mol/m^2
      xO(s1)      =    2.9667E-06 mol/m^2
      xO2(s1)     =    1.2136E-06 mol/m^2

---Loss Rates-------------------------------------
      gO2         =   -8.0356E-14 
      gO          =    7.5908E-11 

---Blowing & Recession Rate-----------------------
      blowing rate    =    0.0000E+00  kg/m^2-s
      recession rate  =    0.0000E+00  m/s

---QSS Surface Coverage Distribution--------------
      Residual =    1.1215E-19
      Concentrations
         xE(s1)      =    4.8248E-08 mol/m^2
         xO(s1)      =    2.9667E-06 mol/m^2
         xO2(s1)     =    1.2136E-06 mol/m^2

---Gibbs Free-energy Minimization-----------------
      Element List 
         O  s1
      Stoichiometry
         O2        :   2.   0.
         O         :   1.   0.
         E(s1)     :   0.   1.
         O(s1)     :   1.   1.
         O2(s1)    :   2.   1.
      Concentrations
         xO2         =    1.2010E+00 mol/m^3
         xO          =    1.7972E-03 mol/m^3
         xE(s1)      =    4.8248E-08 mol/m^2
         xO(s1)      =    2.9667E-06 mol/m^2
         xO2(s1)     =    1.2136E-06 mol/m^2

---Additional Diagnostics-----------------------------------------------------------
      <<Reaction Constants>>
      react      kf          kb         KeqC     KeqC-actual   wf-actual   wb-actual
         1    9.6180E+07  2.8111E+03  3.4215E+04  3.4215E+04  8.3397E-03  8.3397E-03
         2    1.5892E+06  1.4623E+05  1.0868E+01  1.0868E+01  8.4729E-03  8.4729E-03
         3    3.4462E+07  1.5140E+05  2.2763E+02  2.2763E+02  1.8374E-01  1.8374E-01
         4    2.8563E+06  1.7485E+03  1.6336E+03  1.6336E+03  6.2296E-03  6.2296E-03
         5    6.8010E+07  3.2470E+06  2.0945E+01  2.0945E+01  3.9407E+00  3.9407E+00
      <<Species Production>>
      species      concentration     molar prod.      mass prod.
      O2              1.2009E+00      2.7752E-11      8.8806E-13
      O               1.7971E-03     -5.5482E-11     -8.8771E-13
      E(s1)           4.8248E-08     -1.4502E-15     -0.0000E+00
      O(s1)           2.9667E-06      2.5010E-14      4.0017E-16
      O2(s1)          1.2136E-06     -2.3560E-14     -7.5392E-16
      <<Species Production Per Reaction>>
      species          w-dot             w1             w2             w3             w4             w5
      O2          2.7752E-11     0.0000E+00     1.2523E-12     0.0000E+00     1.1880E-11     1.4619E-11
      O          -5.5482E-11    -1.5873E-11    -1.2523E-12    -2.6476E-11    -1.1880E-11    -0.0000E+00
      E(s1)      -1.4502E-15    -1.5873E-11     1.2523E-12     0.0000E+00     0.0000E+00     1.4619E-11
      O(s1)       2.5010E-14     1.5873E-11    -1.2523E-12    -2.6476E-11     1.1880E-11    -0.0000E+00
      O2(s1)     -2.3560E-14     0.0000E+00     0.0000E+00     2.6476E-11    -1.1880E-11    -1.4619E-11
