SRModel
   version:     3.00
   written by:  Joe Marschall   (jochen.marschall@sri.com)
                Matthew MacLean (maclean@cubrc.org)

---Initial Conditions-----------------------------
      Gas Tmpr     =    4.0000E+03 K
      Wall Tmpr    =    4.0000E+03 K
      Pressure     =    2.0000E+03 Pa
      xO2         =    1.2629E-02 mol/m^3
      xO          =    6.0136E-17 mol/m^3
      xN          =    4.7507E-02 mol/m^3
      xCO         =    6.0136E-17 mol/m^3
      xCN         =    6.0136E-17 mol/m^3
      xC3         =    6.0136E-17 mol/m^3
      xE(s1)      =    7.5000E-06 mol/m^3
      xC(b1)      =    1.0000E+00 mol/m^3

--------------------------------------------------
iteration         time       L1-norm       L2-norm
     100    5.0000E-03    1.8305E-03    1.8503E-03
     200    1.0000E-02    1.5113E-03    1.5150E-03
     300    1.5000E-02    1.2477E-03    1.2484E-03
     400    2.0000E-02    1.0301E-03    1.0303E-03
     500    2.5000E-02    8.5048E-04    8.5051E-04
     600    3.0000E-02    7.0216E-04    7.0217E-04
     700    3.5000E-02    5.7971E-04    5.7971E-04
     800    4.0000E-02    4.7861E-04    4.7861E-04
     900    4.5000E-02    3.9515E-04    3.9515E-04
    1000    5.0000E-02    3.2624E-04    3.2624E-04
    1100    5.5000E-02    2.6934E-04    2.6934E-04
    1200    6.0000E-02    2.2237E-04    2.2237E-04
    1300    6.5000E-02    1.8359E-04    1.8359E-04
    1400    7.0000E-02    1.5157E-04    1.5157E-04
    1500    7.5000E-02    1.2514E-04    1.2514E-04
    1600    8.0000E-02    1.0332E-04    1.0332E-04
    1700    8.5000E-02    8.5299E-05    8.5299E-05
    1800    9.0000E-02    7.0424E-05    7.0424E-05
    1900    9.5000E-02    5.8142E-05    5.8142E-05
    2000    1.0000E-01    4.8003E-05    4.8003E-05
    2100    1.0500E-01    3.9631E-05    3.9631E-05
    2200    1.1000E-01    3.2720E-05    3.2720E-05
    2300    1.1500E-01    2.7014E-05    2.7014E-05
    2400    1.2000E-01    2.2303E-05    2.2303E-05
    2500    1.2500E-01    1.8413E-05    1.8413E-05
    2600    1.3000E-01    1.5202E-05    1.5202E-05
    2700    1.3500E-01    1.2551E-05    1.2551E-05
    2800    1.4000E-01    1.0362E-05    1.0362E-05
    2900    1.4500E-01    8.5551E-06    8.5551E-06
    3000    1.5000E-01    7.0631E-06    7.0631E-06
    3100    1.5500E-01    5.8314E-06    5.8314E-06
    3200    1.6000E-01    4.8144E-06    4.8144E-06
    3300    1.6500E-01    3.9748E-06    3.9748E-06
    3400    1.7000E-01    3.2816E-06    3.2816E-06
    3500    1.7500E-01    2.7093E-06    2.7093E-06
    3600    1.8000E-01    2.2368E-06    2.2368E-06
    3700    1.8500E-01    1.8468E-06    1.8468E-06
    3800    1.9000E-01    1.5247E-06    1.5247E-06
    3900    1.9500E-01    1.2588E-06    1.2588E-06
    4000    2.0000E-01    1.0393E-06    1.0393E-06
    4100    2.0500E-01    8.5803E-07    8.5803E-07
    4200    2.1000E-01    7.0839E-07    7.0839E-07
    4300    2.1500E-01    5.8486E-07    5.8486E-07
    4400    2.2000E-01    4.8286E-07    4.8286E-07
    4500    2.2500E-01    3.9865E-07    3.9865E-07
    4600    2.3000E-01    3.2913E-07    3.2913E-07
    4700    2.3500E-01    2.7173E-07    2.7173E-07
    4800    2.4000E-01    2.2434E-07    2.2434E-07
    4900    2.4500E-01    1.8522E-07    1.8522E-07
    5000    2.5000E-01    1.5292E-07    1.5292E-07
    5100    2.5500E-01    1.2625E-07    1.2625E-07
    5200    2.6000E-01    1.0423E-07    1.0423E-07
    5300    2.6500E-01    8.6056E-08    8.6056E-08
    5400    2.7000E-01    7.1048E-08    7.1048E-08
    5500    2.7500E-01    5.8658E-08    5.8658E-08
    5600    2.8000E-01    4.8428E-08    4.8428E-08
    5700    2.8500E-01    3.9983E-08    3.9983E-08
    5800    2.9000E-01    3.3010E-08    3.3010E-08
    5900    2.9500E-01    2.7253E-08    2.7253E-08
    6000    3.0000E-01    2.2501E-08    2.2501E-08
    6100    3.0500E-01    1.8577E-08    1.8577E-08
    6200    3.1000E-01    1.5337E-08    1.5337E-08
    6300    3.1500E-01    1.2662E-08    1.2662E-08
    6400    3.2000E-01    1.0454E-08    1.0454E-08
    6500    3.2500E-01    8.6310E-09    8.6310E-09
    6600    3.3000E-01    7.1258E-09    7.1258E-09
    6700    3.3500E-01    5.8831E-09    5.8831E-09
    6800    3.4000E-01    4.8571E-09    4.8571E-09
    6900    3.4500E-01    4.0101E-09    4.0101E-09
    7000    3.5000E-01    3.3107E-09    3.3107E-09
    7100    3.5500E-01    2.7334E-09    2.7334E-09
    7200    3.6000E-01    2.2567E-09    2.2567E-09
    7300    3.6500E-01    1.8631E-09    1.8631E-09
    7400    3.7000E-01    1.5382E-09    1.5382E-09
    7500    3.7500E-01    1.2700E-09    1.2700E-09
    7600    3.8000E-01    1.0485E-09    1.0485E-09
    7700    3.8500E-01    8.6564E-10    8.6564E-10
    7800    3.9000E-01    7.1468E-10    7.1468E-10
    7900    3.9500E-01    5.9004E-10    5.9004E-10
    8000    4.0000E-01    4.8714E-10    4.8714E-10
    8100    4.0500E-01    4.0219E-10    4.0219E-10
    8200    4.1000E-01    3.3205E-10    3.3205E-10
    8300    4.1500E-01    2.7414E-10    2.7414E-10
    8400    4.2000E-01    2.2633E-10    2.2633E-10
    8500    4.2500E-01    1.8686E-10    1.8686E-10
    8600    4.3000E-01    1.5428E-10    1.5428E-10
    8700    4.3500E-01    1.2737E-10    1.2737E-10
    8800    4.4000E-01    1.0516E-10    1.0516E-10
    8900    4.4500E-01    8.6820E-11    8.6820E-11
    9000    4.5000E-01    7.1679E-11    7.1679E-11
    9100    4.5500E-01    5.9178E-11    5.9178E-11
    9200    4.6000E-01    4.8858E-11    4.8858E-11
    9300    4.6500E-01    4.0338E-11    4.0338E-11
    9400    4.7000E-01    3.3303E-11    3.3303E-11
    9500    4.7500E-01    2.7495E-11    2.7495E-11
    9600    4.8000E-01    2.2700E-11    2.2700E-11
    9700    4.8500E-01    1.8741E-11    1.8741E-11
    9800    4.9000E-01    1.5473E-11    1.5473E-11
    9900    4.9500E-01    1.2775E-11    1.2775E-11
   10000    5.0000E-01    1.0547E-11    1.0547E-11

---Final Conditions-------------------------------
      Gas Tmpr     =    4.0000E+03 K
      Wall Tmpr    =    4.0000E+03 K
      Pressure     =    2.0000E+03 Pa
      xO2         =    1.0000E-20 mol/m^3
      xO          =    1.0000E-20 mol/m^3
      xN          =    1.0000E-20 mol/m^3
      xCO         =    2.5257E-02 mol/m^3
      xCN         =    4.7507E-02 mol/m^3
      xC3         =    1.1547E+00 mol/m^3
      xE(s1)      =    7.5000E-06 mol/m^2
      xC(b1)      =    1.0000E+00 []

---Gibbs Free-energy Minimization-----------------
      Element List 
         O  N  C  s1
      Stoichiometry
         O2        :   2.   0.   0.   0.
         O         :   1.   0.   0.   0.
         N         :   0.   1.   0.   0.
         CO        :   1.   0.   1.   0.
         CN        :   0.   1.   1.   0.
         C3        :   0.   0.   3.   0.
         E(s1)     :   0.   0.   0.   1.
         C(b1)     :   0.   0.   1.   0.
      Concentrations
         xO2         =    4.6479E-16 mol/m^3
         xO          =    5.5611E-08 mol/m^3
         xN          =    3.3277E-04 mol/m^3
         xCO         =    2.5257E-02 mol/m^3
         xCN         =    4.7175E-02 mol/m^3
         xC3         =    2.5290E+00 mol/m^3
         xE(s1)      =    7.5000E-06 mol/m^2
         xC(b1)      =    1.0000E+00 []

---Additional Diagnostics-----------------------------------------------------------
      react      kf          kb         KeqC     KeqC-actual   wf-actual   wb-actual
         1    3.6153E+07  7.9601E+01  4.5418E+05  2.5257E+18  2.7115E-18  0.0000E+00
         2    3.6152E+12  2.6342E+00  1.3724E+12  6.3792E+16  2.0335E-18  0.0000E+00
         3    2.4588E+07  1.7345E+05  1.4176E+02  4.7507E+18  1.8441E-18  0.0000E+00
         4    1.0491E+17  4.1484E+16  2.5289E+00  1.1547E+00  4.4258E+01  0.0000E+00
         5    9.0850E+16  2.2975E+17  3.9543E-01  8.6599E-01  4.4258E+01  0.0000E+00
